Summary of SPARK analysis
=========================

-------------------------------------------------------------------------------------------------------
SPARK Analysis results        Total       Flow   Interval   CodePeer     Provers   Justified   Unproved
-------------------------------------------------------------------------------------------------------
Data Dependencies                 .          .          .          .           .           .          .
Flow Dependencies                 .          .          .          .           .           .          .
Initialization                    3          3          .          .           .           .          .
Non-Aliasing                      .          .          .          .           .           .          .
Run-time Checks                   5          .          .          .    5 (CVC4)           .          .
Assertions                        3          .          .          .    3 (CVC4)           .          .
Functional Contracts              1          .          .          .    1 (CVC4)           .          .
LSP Verification                  .          .          .          .           .           .          .
-------------------------------------------------------------------------------------------------------
Total                            12    3 (25%)          .          .     9 (75%)           .          .


Analyzed 2 units
in unit automata, 2 subprograms and packages out of 2 analyzed
  Automata at automata.ads:1 flow analyzed (0 errors and 0 warnings) and proved (0 checks)
  Automata.Automaton at automata.ads:5 flow analyzed (0 errors and 0 warnings) and proved (9 checks)
in unit main, 0 subprograms and packages out of 1 analyzed
  Main at main.adb:6 skipped
