Summary of SPARK analysis
=========================

------------------------------------------------------------------------------------------------------------
SPARK Analysis results        Total        Flow   Interval   CodePeer         Provers   Justified   Unproved
------------------------------------------------------------------------------------------------------------
Data Dependencies                 .           .          .          .               .           .          .
Flow Dependencies                 .           .          .          .               .           .          .
Initialization                   27          27          .          .               .           .          .
Non-Aliasing                      .           .          .          .               .           .          .
Run-time Checks                  25           .          .          .    25 (altergo)           .          .
Assertions                        2           .          .          .     2 (altergo)           .          .
Functional Contracts              1           .          .          .     1 (altergo)           .          .
LSP Verification                  .           .          .          .               .           .          .
------------------------------------------------------------------------------------------------------------
Total                            55    27 (49%)          .          .        28 (51%)           .          .


Analyzed 2 units
in unit main, 0 subprograms and packages out of 1 analyzed
  Main at main.adb:4 skipped
in unit split, 2 subprograms and packages out of 2 analyzed
  Split at split.ads:3 flow analyzed (0 errors and 0 warnings) and proved (0 checks)
  Split.Split at split.ads:7 flow analyzed (0 errors and 0 warnings) and proved (28 checks)
