Summary of SPARK analysis
=========================

------------------------------------------------------------------------------------------------------
SPARK Analysis results        Total      Flow   Interval   CodePeer     Provers   Justified   Unproved
------------------------------------------------------------------------------------------------------
Data Dependencies                 .         .          .          .           .           .          .
Flow Dependencies                 .         .          .          .           .           .          .
Initialization                    .         .          .          .           .           .          .
Non-Aliasing                      .         .          .          .           .           .          .
Run-time Checks                   3         .          .          .    3 (CVC4)           .          .
Assertions                        .         .          .          .           .           .          .
Functional Contracts              1         .          .          .    1 (CVC4)           .          .
LSP Verification                  .         .          .          .           .           .          .
------------------------------------------------------------------------------------------------------
Total                             4         .          .          .    4 (100%)           .          .


Analyzed 2 units
in unit f91, 1 subprograms and packages out of 1 analyzed
  F91 at f91.ads:3 flow analyzed (0 errors and 0 warnings) and proved (4 checks)
in unit main, 0 subprograms and packages out of 1 analyzed
  Main at main.adb:4 skipped
