Summary of SPARK analysis
=========================

-------------------------------------------------------------------------------------------------------
SPARK Analysis results        Total      Flow   Interval   CodePeer      Provers   Justified   Unproved
-------------------------------------------------------------------------------------------------------
Data Dependencies                 .         .          .          .            .           .          .
Flow Dependencies                 .         .          .          .            .           .          .
Initialization                    3         3          .          .            .           .          .
Non-Aliasing                      .         .          .          .            .           .          .
Run-time Checks                  40         .          .          .    40 (CVC4)           .          .
Assertions                       12         .          .          .    12 (CVC4)           .          .
Functional Contracts              5         .          .          .     5 (CVC4)           .          .
LSP Verification                  .         .          .          .            .           .          .
-------------------------------------------------------------------------------------------------------
Total                            60    3 (5%)          .          .     57 (95%)           .          .


Analyzed 2 units
in unit bubbles, 4 subprograms and packages out of 6 analyzed
  Bubbles at bubbles.ads:1 flow analyzed (0 errors and 0 warnings) and proved (0 checks)
  Bubbles.Bubble at bubbles.ads:29 flow analyzed (0 errors and 0 warnings) and proved (33 checks)
  Bubbles.Perm at bubbles.ads:9 skipped
  Bubbles.Perm_Transitive at bubbles.adb:7 skipped
  Bubbles.Sort at bubbles.ads:42 flow analyzed (0 errors and 0 warnings) and proved (13 checks)
  Bubbles.Swap at bubbles.ads:15 flow analyzed (0 errors and 0 warnings) and proved (11 checks)
in unit main, 0 subprograms and packages out of 1 analyzed
  Main at main.adb:4 skipped
