Summary of SPARK analysis
=========================

---------------------------------------------------------------------------------------------------------------------
SPARK Analysis results        Total       Flow   Interval   CodePeer                   Provers   Justified   Unproved
---------------------------------------------------------------------------------------------------------------------
Data Dependencies                 .          .          .          .                         .           .          .
Flow Dependencies                 .          .          .          .                         .           .          .
Initialization                    7          7          .          .                         .           .          .
Non-Aliasing                      .          .          .          .                         .           .          .
Run-time Checks                  32          .          .          .                 32 (CVC4)           .          .
Assertions                        8          .          .          .    8 (CVC4  88%, Z3  13%)           .          .
Functional Contracts              5          .          .          .                  5 (CVC4)           .          .
LSP Verification                  .          .          .          .                         .           .          .
---------------------------------------------------------------------------------------------------------------------
Total                            52    7 (13%)          .          .                  45 (87%)           .          .


Analyzed 1 unit
in unit sorters, 4 subprograms and packages out of 6 analyzed
  Sorters at sorters.ads:8 flow analyzed (0 errors and 0 warnings) and proved (0 checks)
  Sorters.Index_Of_Minimum at sorters.adb:43 flow analyzed (0 errors and 0 warnings) and proved (11 checks)
  Sorters.Perm at sorters.ads:12 skipped
  Sorters.Perm_Transition at sorters.adb:10 skipped
  Sorters.Selection_Sort at sorters.ads:19 flow analyzed (0 errors and 0 warnings) and proved (23 checks)
  Sorters.Swap at sorters.adb:19 flow analyzed (0 errors and 0 warnings) and proved (11 checks)
