Summary of SPARK analysis
=========================

---------------------------------------------------------------------------------------------------------------------
SPARK Analysis results        Total       Flow   Interval   CodePeer                   Provers   Justified   Unproved
---------------------------------------------------------------------------------------------------------------------
Data Dependencies                 .          .          .          .                         .           .          .
Flow Dependencies                 .          .          .          .                         .           .          .
Initialization                    7          7          .          .                         .           .          .
Non-Aliasing                      .          .          .          .                         .           .          .
Run-time Checks                   8          .          .          .    8 (CVC4  56%, Z3  44%)           .          .
Assertions                        4          .          .          .    4 (CVC4  75%, Z3  25%)           .          .
Functional Contracts              7          .          .          .    7 (CVC4  86%, Z3  14%)           .          .
LSP Verification                  .          .          .          .                         .           .          .
---------------------------------------------------------------------------------------------------------------------
Total                            26    7 (27%)          .          .                  19 (73%)           .          .


Analyzed 2 units
in unit main, 0 subprograms and packages out of 1 analyzed
  Main at main.adb:6 skipped
in unit turing, 3 subprograms and packages out of 3 analyzed
  Turing at turing.ads:1 flow analyzed (0 errors and 0 warnings) and proved (0 checks)
  Turing.Comp at turing.ads:15 flow analyzed (0 errors and 0 warnings) and proved (10 checks)
  Turing.Factorial at turing.ads:3 flow analyzed (0 errors and 0 warnings) and proved (9 checks)
